<?xml version="1.0" encoding="UTF-8"?>
<testng-results ignored="0" total="1" passed="1" failed="0" skipped="0">
  <reporter-output>
  </reporter-output>
  <suite started-at="2025-04-09T12:07:57 IST" name="Default suite" finished-at="2025-04-09T12:08:03 IST" duration-ms="6084">
    <groups>
    </groups>
    <test started-at="2025-04-09T12:07:57 IST" name="Default test" finished-at="2025-04-09T12:08:03 IST" duration-ms="6084">
      <class name="extendreport.AddScreenShotIntoreport">
        <test-method signature="addScreenshot()[pri:0, instance:extendreport.AddScreenShotIntoreport@6771beb3]" started-at="2025-04-09T12:07:57 IST" name="addScreenshot" finished-at="2025-04-09T12:08:03 IST" duration-ms="6041" status="PASS">
          <reporter-output>
          </reporter-output>
        </test-method> <!-- addScreenshot -->
      </class> <!-- extendreport.AddScreenShotIntoreport -->
    </test> <!-- Default test -->
  </suite> <!-- Default suite -->
</testng-results>
